---------------
2019-08-26 09:53:35
Error mounting disk image.

Write overlay file already exists
---------------
2019-08-26 10:08:27
Error mounting disk image.

Write overlay file already exists
---------------
2019-09-17 15:20:39
Error mounting disk image.

Accesso negato
---------------
2019-09-17 15:21:18
Error mounting disk image.

Accesso negato
---------------
2019-10-14 11:17:40
Error mounting disk image.

Differencing image file for write temporary mode failed

Il processo non può accedere al file 'D:\testopensource\win10test.E01.diff' perché è in uso da un altro processo.
